<?xml version="1.0" encoding="UTF-8"?>
<!-- Generated by org.testng.reporters.JUnitReportReporter -->
<testsuite skipped="0" hostname="Veena" name="usermodule.LoginTest" tests="2" failures="0" timestamp="07 Nov 2019 11:42:41 GMT" time="11.764" errors="0">
  <testcase name="ValidateForgetPassword" time="6.905" classname="usermodule.LoginTest"/>
  <testcase name="ValidateLoginWithoutCredentials" time="4.859" classname="usermodule.LoginTest"/>
</testsuite> <!-- usermodule.LoginTest -->
